<?xml version="1.0" encoding="UTF-8"?>
<!-- Generated by org.testng.reporters.JUnitXMLReporter -->
<testsuite ignored="0" hostname="DESKTOP-1R0M93A" failures="0" tests="2" name="Default test" time="30.513" errors="0" timestamp="2020-07-26T01:44:22 IST">
  <testcase classname="dockerMaven.dockerSeleniumGrid.setupDockerGrid" name="startDocker" time="20.105"/>
  <testcase classname="dockerMaven.dockerSeleniumGrid.setupDockerGrid" name="stopDocker" time="10.338"/>
</testsuite> <!-- Default test -->
