<?xml version="1.0" encoding="UTF-8"?>
<testng-results ignored="0" total="2" passed="2" failed="0" skipped="0">
  <reporter-output>
  </reporter-output>
  <suite started-at="2020-08-21T09:57:58 IST" name="Suite" finished-at="2020-08-21T09:58:42 IST" duration-ms="44353">
    <groups>
    </groups>
    <test started-at="2020-08-21T09:57:58 IST" name="Test" finished-at="2020-08-21T09:58:42 IST" duration-ms="44353">
      <class name="dockerMaven.dockerSeleniumGrid.test2">
        <test-method signature="Firefox()[pri:0, instance:dockerMaven.dockerSeleniumGrid.test2@5b0abc94]" started-at="2020-08-21T09:58:18 IST" name="Firefox" finished-at="2020-08-21T09:58:32 IST" duration-ms="14036" status="PASS">
          <reporter-output>
          </reporter-output>
        </test-method> <!-- Firefox -->
      </class> <!-- dockerMaven.dockerSeleniumGrid.test2 -->
      <class name="dockerMaven.dockerSeleniumGrid.test1">
        <test-method signature="Chrome()[pri:0, instance:dockerMaven.dockerSeleniumGrid.test1@7d68ef40]" started-at="2020-08-21T09:58:18 IST" name="Chrome" finished-at="2020-08-21T09:58:26 IST" duration-ms="7676" status="PASS">
          <reporter-output>
          </reporter-output>
        </test-method> <!-- Chrome -->
      </class> <!-- dockerMaven.dockerSeleniumGrid.test1 -->
      <class name="dockerMaven.dockerSeleniumGrid.setupDockerGrid">
        <test-method is-config="true" signature="startDocker()[pri:0, instance:dockerMaven.dockerSeleniumGrid.setupDockerGrid@123f1134]" started-at="2020-08-21T09:57:58 IST" name="startDocker" finished-at="2020-08-21T09:58:18 IST" duration-ms="20044" status="PASS">
          <reporter-output>
          </reporter-output>
        </test-method> <!-- startDocker -->
        <test-method is-config="true" signature="stopDocker()[pri:0, instance:dockerMaven.dockerSeleniumGrid.setupDockerGrid@123f1134]" started-at="2020-08-21T09:58:32 IST" name="stopDocker" finished-at="2020-08-21T09:58:42 IST" duration-ms="10198" status="PASS">
          <reporter-output>
          </reporter-output>
        </test-method> <!-- stopDocker -->
      </class> <!-- dockerMaven.dockerSeleniumGrid.setupDockerGrid -->
    </test> <!-- Test -->
  </suite> <!-- Suite -->
</testng-results>
