<?xml version="1.0" encoding="UTF-8"?>
<testng-results ignored="0" total="2" passed="2" failed="0" skipped="0">
  <reporter-output>
  </reporter-output>
  <suite started-at="2020-07-30T09:49:44 IST" name="Suite" finished-at="2020-07-30T09:50:03 IST" duration-ms="18206">
    <groups>
    </groups>
    <test started-at="2020-07-30T09:49:44 IST" name="Test" finished-at="2020-07-30T09:50:03 IST" duration-ms="18206">
      <class name="dockerMaven.dockerSeleniumGrid.test2">
        <test-method signature="Firefox()[pri:0, instance:dockerMaven.dockerSeleniumGrid.test2@37918c79]" started-at="2020-07-30T09:49:45 IST" name="Firefox" finished-at="2020-07-30T09:50:03 IST" duration-ms="18150" status="PASS">
          <reporter-output>
          </reporter-output>
        </test-method> <!-- Firefox -->
      </class> <!-- dockerMaven.dockerSeleniumGrid.test2 -->
      <class name="dockerMaven.dockerSeleniumGrid.test1">
        <test-method signature="Chrome()[pri:0, instance:dockerMaven.dockerSeleniumGrid.test1@38c5cc4c]" started-at="2020-07-30T09:49:45 IST" name="Chrome" finished-at="2020-07-30T09:49:51 IST" duration-ms="6080" status="PASS">
          <reporter-output>
          </reporter-output>
        </test-method> <!-- Chrome -->
      </class> <!-- dockerMaven.dockerSeleniumGrid.test1 -->
    </test> <!-- Test -->
  </suite> <!-- Suite -->
</testng-results>
